<?xml version="1.0" encoding="UTF-8"?>
<testng-results ignored="0" total="1" passed="1" failed="0" skipped="0">
  <reporter-output>
  </reporter-output>
  <suite started-at="2022-09-19T14:13:07 IST" name="Default suite" finished-at="2022-09-19T14:13:17 IST" duration-ms="9217">
    <groups>
      <group name="cucumber">
        <method signature="AbstractTestNGCucumberTests.runScenario(io.cucumber.testng.PickleWrapper,io.cucumber.testng.FeatureWrapper)[pri:0, instance:Runner.Loginfb@5562c41e]" name="runScenario" class="io.cucumber.testng.AbstractTestNGCucumberTests"/>
      </group> <!-- cucumber -->
    </groups>
    <test started-at="2022-09-19T14:13:07 IST" name="Default test" finished-at="2022-09-19T14:13:17 IST" duration-ms="9217">
      <class name="Runner.Loginfb">
        <test-method is-config="true" signature="setUpClass()[pri:0, instance:Runner.Loginfb@5562c41e]" started-at="2022-09-19T14:13:07 IST" name="setUpClass" finished-at="2022-09-19T14:13:08 IST" duration-ms="209" status="PASS">
          <reporter-output>
          </reporter-output>
        </test-method> <!-- setUpClass -->
        <test-method signature="runScenario(io.cucumber.testng.PickleWrapper,io.cucumber.testng.FeatureWrapper)[pri:0, instance:Runner.Loginfb@5562c41e]" started-at="2022-09-19T14:13:08 IST" name="runScenario" description="Runs Cucumber Scenarios" data-provider="scenarios" finished-at="2022-09-19T14:13:16 IST" duration-ms="8824" status="PASS">
          <params>
            <param index="0">
              <value>
                <![CDATA["Open the Browser enter URL login page should be displyed,"]]>
              </value>
            </param>
            <param index="1">
              <value>
                <![CDATA["Optional[login]"]]>
              </value>
            </param>
          </params>
          <reporter-output>
          </reporter-output>
        </test-method> <!-- runScenario -->
        <test-method is-config="true" signature="tearDownClass()[pri:0, instance:Runner.Loginfb@5562c41e]" started-at="2022-09-19T14:13:16 IST" name="tearDownClass" finished-at="2022-09-19T14:13:17 IST" duration-ms="87" status="PASS">
          <reporter-output>
          </reporter-output>
        </test-method> <!-- tearDownClass -->
      </class> <!-- Runner.Loginfb -->
    </test> <!-- Default test -->
  </suite> <!-- Default suite -->
</testng-results>
