<?xml version="1.0" encoding="UTF-8"?>
<testng-results ignored="0" total="2" passed="2" failed="0" skipped="0">
  <reporter-output>
  </reporter-output>
  <suite started-at="2022-09-16T10:15:37Z" name="Suite" finished-at="2022-09-16T10:15:56Z" duration-ms="18885">
    <groups>
    </groups>
    <test started-at="2022-09-16T10:15:37Z" name="Test_chrome" finished-at="2022-09-16T10:15:48Z" duration-ms="10995">
      <class name="Test_Script.Parallell">
        <test-method signature="execution1(java.lang.String)[pri:0, instance:Test_Script.Parallell@17a7f733]" started-at="2022-09-16T10:15:37Z" name="execution1" finished-at="2022-09-16T10:15:48Z" duration-ms="10961" status="PASS">
          <params>
            <param index="0">
              <value>
                <![CDATA[chrome]]>
              </value>
            </param>
          </params>
          <reporter-output>
          </reporter-output>
        </test-method> <!-- execution1 -->
      </class> <!-- Test_Script.Parallell -->
    </test> <!-- Test_chrome -->
    <test started-at="2022-09-16T10:15:37Z" name="Test_firefox" finished-at="2022-09-16T10:15:56Z" duration-ms="18885">
      <class name="Test_Script.Parallell">
        <test-method signature="execution1(java.lang.String)[pri:0, instance:Test_Script.Parallell@c86b9e3]" started-at="2022-09-16T10:15:37Z" name="execution1" finished-at="2022-09-16T10:15:56Z" duration-ms="18853" status="PASS">
          <params>
            <param index="0">
              <value>
                <![CDATA[firefox]]>
              </value>
            </param>
          </params>
          <reporter-output>
          </reporter-output>
        </test-method> <!-- execution1 -->
      </class> <!-- Test_Script.Parallell -->
    </test> <!-- Test_firefox -->
  </suite> <!-- Suite -->
</testng-results>
